<?xml version="1.0" encoding="UTF-8"?>
<!-- Generated by org.testng.reporters.JUnitReportReporter -->
<testsuite hostname="LAPTOP-0BF4POO8" failures="0" tests="1" name="JDBC.DataBaseUtils" time="0.164" errors="0" timestamp="2022-01-25T12:15:25 IST" skipped="0">
  <testcase classname="JDBC.DataBaseUtils" name="connectToDatabase" time="0.164"/>
  <system-out/>
</testsuite> <!-- JDBC.DataBaseUtils -->
