<?xml version="1.0" encoding="UTF-8"?>
<!-- Generated by org.testng.reporters.JUnitReportReporter -->
<testsuite hostname="LAPTOP-0BF4POO8" failures="0" tests="3" name="testrunner.TestRunner" time="5.814" errors="0" timestamp="2022-01-28T11:02:13 IST" skipped="0">
  <testcase classname="testrunner.TestRunner" name="runScenario" time="1.819"/>
  <system-out/>
  <testcase classname="testrunner.TestRunner" name="runScenario" time="1.120"/>
  <system-out/>
  <testcase classname="testrunner.TestRunner" name="runScenario" time="2.875"/>
  <system-out/>
</testsuite> <!-- testrunner.TestRunner -->
